<?xml version="1.0" encoding="UTF-8"?>
<!-- Generated by org.testng.reporters.JUnitReportReporter -->
<testsuite hostname="LP-5CD201KBY5" failures="0" tests="1" name="baseClassPages.extendReport" time="0.530" errors="0" timestamp="2023-01-13T18:23:12 IST" skipped="0">
  <testcase classname="baseClassPages.extendReport" name="extendReportTest" time="0.530"/>
  <system-out/>
</testsuite> <!-- baseClassPages.extendReport -->
