<?xml version="1.0" encoding="UTF-8"?>
<!-- Generated by org.testng.reporters.JUnitReportReporter -->
<testsuite hostname="LP-5CD201KBY5" failures="0" tests="7" name="mainTest.TestClass" time="153.497" errors="0" timestamp="2023-01-19T18:32:55 IST" skipped="0">
  <testcase classname="mainTest.TestClass" name="LoginTest" time="13.653"/>
  <system-out/>
  <testcase classname="mainTest.TestClass" name="LoginTest" time="12.881"/>
  <system-out/>
  <testcase classname="mainTest.TestClass" name="AppointmentDta" time="31.144"/>
  <system-out/>
  <testcase classname="mainTest.TestClass" name="AppointmentDta" time="33.918"/>
  <system-out/>
  <testcase classname="mainTest.TestClass" name="AppointmentDta" time="31.189"/>
  <system-out/>
  <testcase classname="mainTest.TestClass" name="AppointmentDta" time="16.166"/>
  <system-out/>
  <testcase classname="mainTest.TestClass" name="AppointmentDta" time="14.546"/>
  <system-out/>
</testsuite> <!-- mainTest.TestClass -->
